STATUS | wrapper  | 2019/11/19 11:38:23 | --> Wrapper Started as Console
STATUS | wrapper  | 2019/11/19 11:38:23 | Launching a JVM...
INFO   | jvm 1    | 2019/11/19 11:38:24 | Wrapper (Version 3.2.3) http://wrapper.tanukisoftware.org
INFO   | jvm 1    | 2019/11/19 11:38:24 |   Copyright 1999-2006 Tanuki Software, Inc.  All Rights Reserved.
INFO   | jvm 1    | 2019/11/19 11:38:24 | 
INFO   | jvm 1    | 2019/11/19 11:38:24 | 
INFO   | jvm 1    | 2019/11/19 11:38:24 | WARNING - Unable to load the Wrapper's native library 'wrapper.dll'.
INFO   | jvm 1    | 2019/11/19 11:38:24 |           The file is located on the path at the following location but
INFO   | jvm 1    | 2019/11/19 11:38:24 |           could not be loaded:
INFO   | jvm 1    | 2019/11/19 11:38:24 |             C:\Users\mauri\Desktop\apache-activemq-5.15.10\bin\win64\..\..\bin\win64\wrapper.dll
INFO   | jvm 1    | 2019/11/19 11:38:24 |           Please verify that the file is readable by the current user
INFO   | jvm 1    | 2019/11/19 11:38:24 |           and that the file has not been corrupted in any way.
INFO   | jvm 1    | 2019/11/19 11:38:24 |           One common cause of this problem is running a 32-bit version
INFO   | jvm 1    | 2019/11/19 11:38:24 |           of the Wrapper with a 64-bit version of Java, or vica versa.
INFO   | jvm 1    | 2019/11/19 11:38:24 |           This is a 32-bit JVM.
INFO   | jvm 1    | 2019/11/19 11:38:24 |           Reported cause:
INFO   | jvm 1    | 2019/11/19 11:38:24 |             C:\Users\mauri\Desktop\apache-activemq-5.15.10\bin\win64\wrapper.dll: Can't load AMD 64-bit .dll on a IA 32-bit platform
INFO   | jvm 1    | 2019/11/19 11:38:24 |           System signals will not be handled correctly.
INFO   | jvm 1    | 2019/11/19 11:38:24 | 
INFO   | jvm 1    | 2019/11/19 11:38:24 | Java Runtime: Oracle Corporation 1.8.0_221 C:\Program Files (x86)\Java\jre1.8.0_221
INFO   | jvm 1    | 2019/11/19 11:38:24 |   Heap sizes: current=15872k  free=13911k  max=1013632k
INFO   | jvm 1    | 2019/11/19 11:38:24 |     JVM args: -Dactivemq.home=../.. -Dactivemq.base=../.. -Djavax.net.ssl.keyStorePassword=password -Djavax.net.ssl.trustStorePassword=password -Djavax.net.ssl.keyStore=../../conf/broker.ks -Djavax.net.ssl.trustStore=../../conf/broker.ts -Dcom.sun.management.jmxremote -Dorg.apache.activemq.UseDedicatedTaskRunner=true -Djava.util.logging.config.file=logging.properties -Dactivemq.conf=../../conf -Dactivemq.data=../../data -Djava.security.auth.login.config=../../conf/login.config -Xmx1024m -Djava.library.path=../../bin/win64 -Dwrapper.key=9d9BTEqDZT3S1ppG -Dwrapper.port=32000 -Dwrapper.jvm.port.min=31000 -Dwrapper.jvm.port.max=31999 -Dwrapper.pid=10704 -Dwrapper.version=3.2.3 -Dwrapper.native_library=wrapper -Dwrapper.cpu.timeout=10 -Dwrapper.jvmid=1
INFO   | jvm 1    | 2019/11/19 11:38:24 | Extensions classpath:
INFO   | jvm 1    | 2019/11/19 11:38:24 |   [..\..\lib,..\..\lib\camel,..\..\lib\optional,..\..\lib\web,..\..\lib\extra]
INFO   | jvm 1    | 2019/11/19 11:38:24 | ACTIVEMQ_HOME: ..\..
INFO   | jvm 1    | 2019/11/19 11:38:24 | ACTIVEMQ_BASE: ..\..
INFO   | jvm 1    | 2019/11/19 11:38:24 | ACTIVEMQ_CONF: ..\..\conf
INFO   | jvm 1    | 2019/11/19 11:38:24 | ACTIVEMQ_DATA: ..\..\data
INFO   | jvm 1    | 2019/11/19 11:38:28 | Loading message broker from: xbean:activemq.xml
INFO   | jvm 1    | 2019/11/19 11:38:28 |  INFO | Refreshing org.apache.activemq.xbean.XBeanBrokerFactory$1@136a3a: startup date [Tue Nov 19 11:38:28 CET 2019]; root of context hierarchy
INFO   | jvm 1    | 2019/11/19 11:38:30 |  INFO | Using Persistence Adapter: KahaDBPersistenceAdapter[C:\Users\mauri\Desktop\apache-activemq-5.15.10\bin\win64\..\..\data\kahadb]
INFO   | jvm 1    | 2019/11/19 11:38:30 |  INFO | PListStore:[C:\Users\mauri\Desktop\apache-activemq-5.15.10\bin\win64\..\..\data\localhost\tmp_storage] started
INFO   | jvm 1    | 2019/11/19 11:38:30 |  INFO | Apache ActiveMQ 5.15.10 (localhost, ID:Bloom-55503-1574159910274-0:1) is starting
INFO   | jvm 1    | 2019/11/19 11:38:30 |  INFO | Listening for connections at: tcp://Bloom:61616?maximumConnections=1000&wireFormat.maxFrameSize=104857600
INFO   | jvm 1    | 2019/11/19 11:38:30 |  INFO | Connector openwire started
INFO   | jvm 1    | 2019/11/19 11:38:30 |  INFO | Listening for connections at: amqp://Bloom:5672?maximumConnections=1000&wireFormat.maxFrameSize=104857600
INFO   | jvm 1    | 2019/11/19 11:38:30 |  INFO | Connector amqp started
INFO   | jvm 1    | 2019/11/19 11:38:30 |  INFO | Listening for connections at: stomp://Bloom:61613?maximumConnections=1000&wireFormat.maxFrameSize=104857600
INFO   | jvm 1    | 2019/11/19 11:38:30 |  INFO | Connector stomp started
INFO   | jvm 1    | 2019/11/19 11:38:30 |  INFO | Listening for connections at: mqtt://Bloom:1883?maximumConnections=1000&wireFormat.maxFrameSize=104857600
INFO   | jvm 1    | 2019/11/19 11:38:30 |  INFO | Connector mqtt started
INFO   | jvm 1    | 2019/11/19 11:38:30 |  INFO | Starting Jetty server
INFO   | jvm 1    | 2019/11/19 11:38:30 |  INFO | Creating Jetty connector
INFO   | jvm 1    | 2019/11/19 11:38:30 |  WARN | ServletContext@o.e.j.s.ServletContextHandler@124ca7d{/,null,STARTING} has uncovered http methods for path: /
INFO   | jvm 1    | 2019/11/19 11:38:30 |  INFO | Listening for connections at ws://Bloom:61614?maximumConnections=1000&wireFormat.maxFrameSize=104857600
INFO   | jvm 1    | 2019/11/19 11:38:30 |  INFO | Connector ws started
INFO   | jvm 1    | 2019/11/19 11:38:30 |  INFO | Apache ActiveMQ 5.15.10 (localhost, ID:Bloom-55503-1574159910274-0:1) started
INFO   | jvm 1    | 2019/11/19 11:38:30 |  INFO | For help or more information please see: http://activemq.apache.org
INFO   | jvm 1    | 2019/11/19 11:38:30 |  WARN | Store limit is 102400 mb (current store usage is 0 mb). The data directory: C:\Users\mauri\Desktop\apache-activemq-5.15.10\bin\win64\..\..\data\kahadb only has 17724 mb of usable space. - resetting to maximum available disk space: 17724 mb
INFO   | jvm 1    | 2019/11/19 11:38:30 |  WARN | Temporary Store limit is 51200 mb (current store usage is 0 mb). The data directory: C:\Users\mauri\Desktop\apache-activemq-5.15.10\bin\win64\..\..\data only has 17724 mb of usable space. - resetting to maximum available disk space: 17724 mb
INFO   | jvm 1    | 2019/11/19 11:38:31 |  INFO | ActiveMQ WebConsole available at http://0.0.0.0:8161/
INFO   | jvm 1    | 2019/11/19 11:38:31 |  INFO | ActiveMQ Jolokia REST API available at http://0.0.0.0:8161/api/jolokia/
STATUS | wrapper  | 2019/11/19 11:42:10 | --> Wrapper Started as Console
STATUS | wrapper  | 2019/11/19 11:42:10 | Launching a JVM...
INFO   | jvm 1    | 2019/11/19 11:42:11 | Wrapper (Version 3.2.3) http://wrapper.tanukisoftware.org
INFO   | jvm 1    | 2019/11/19 11:42:11 |   Copyright 1999-2006 Tanuki Software, Inc.  All Rights Reserved.
INFO   | jvm 1    | 2019/11/19 11:42:11 | 
INFO   | jvm 1    | 2019/11/19 11:42:11 | 
INFO   | jvm 1    | 2019/11/19 11:42:11 | WARNING - Unable to load the Wrapper's native library 'wrapper.dll'.
INFO   | jvm 1    | 2019/11/19 11:42:11 |           The file is located on the path at the following location but
INFO   | jvm 1    | 2019/11/19 11:42:11 |           could not be loaded:
INFO   | jvm 1    | 2019/11/19 11:42:11 |             C:\Users\mauri\Desktop\apache-activemq-5.15.10\bin\win64\..\..\bin\win64\wrapper.dll
INFO   | jvm 1    | 2019/11/19 11:42:11 |           Please verify that the file is readable by the current user
INFO   | jvm 1    | 2019/11/19 11:42:11 |           and that the file has not been corrupted in any way.
INFO   | jvm 1    | 2019/11/19 11:42:11 |           One common cause of this problem is running a 32-bit version
INFO   | jvm 1    | 2019/11/19 11:42:11 |           of the Wrapper with a 64-bit version of Java, or vica versa.
INFO   | jvm 1    | 2019/11/19 11:42:11 |           This is a 32-bit JVM.
INFO   | jvm 1    | 2019/11/19 11:42:11 |           Reported cause:
INFO   | jvm 1    | 2019/11/19 11:42:11 |             C:\Users\mauri\Desktop\apache-activemq-5.15.10\bin\win64\wrapper.dll: Can't load AMD 64-bit .dll on a IA 32-bit platform
INFO   | jvm 1    | 2019/11/19 11:42:11 |           System signals will not be handled correctly.
INFO   | jvm 1    | 2019/11/19 11:42:11 | 
INFO   | jvm 1    | 2019/11/19 11:42:11 | Java Runtime: Oracle Corporation 1.8.0_221 C:\Program Files (x86)\Java\jre1.8.0_221
INFO   | jvm 1    | 2019/11/19 11:42:11 |   Heap sizes: current=15872k  free=13911k  max=1013632k
INFO   | jvm 1    | 2019/11/19 11:42:11 |     JVM args: -Dactivemq.home=../.. -Dactivemq.base=../.. -Djavax.net.ssl.keyStorePassword=password -Djavax.net.ssl.trustStorePassword=password -Djavax.net.ssl.keyStore=../../conf/broker.ks -Djavax.net.ssl.trustStore=../../conf/broker.ts -Dcom.sun.management.jmxremote -Dorg.apache.activemq.UseDedicatedTaskRunner=true -Djava.util.logging.config.file=logging.properties -Dactivemq.conf=../../conf -Dactivemq.data=../../data -Djava.security.auth.login.config=../../conf/login.config -Xmx1024m -Djava.library.path=../../bin/win64 -Dwrapper.key=WSQzZTrd9vG0fCc6 -Dwrapper.port=32000 -Dwrapper.jvm.port.min=31000 -Dwrapper.jvm.port.max=31999 -Dwrapper.pid=1648 -Dwrapper.version=3.2.3 -Dwrapper.native_library=wrapper -Dwrapper.cpu.timeout=10 -Dwrapper.jvmid=1
INFO   | jvm 1    | 2019/11/19 11:42:11 | Extensions classpath:
INFO   | jvm 1    | 2019/11/19 11:42:11 |   [..\..\lib,..\..\lib\camel,..\..\lib\optional,..\..\lib\web,..\..\lib\extra]
INFO   | jvm 1    | 2019/11/19 11:42:11 | ACTIVEMQ_HOME: ..\..
INFO   | jvm 1    | 2019/11/19 11:42:11 | ACTIVEMQ_BASE: ..\..
INFO   | jvm 1    | 2019/11/19 11:42:11 | ACTIVEMQ_CONF: ..\..\conf
INFO   | jvm 1    | 2019/11/19 11:42:11 | ACTIVEMQ_DATA: ..\..\data
INFO   | jvm 1    | 2019/11/19 11:42:15 | Loading message broker from: xbean:activemq.xml
INFO   | jvm 1    | 2019/11/19 11:42:15 |  INFO | Refreshing org.apache.activemq.xbean.XBeanBrokerFactory$1@1011302: startup date [Tue Nov 19 11:42:15 CET 2019]; root of context hierarchy
INFO   | jvm 1    | 2019/11/19 11:42:16 |  INFO | Using Persistence Adapter: KahaDBPersistenceAdapter[C:\Users\mauri\Desktop\apache-activemq-5.15.10\bin\win64\..\..\data\kahadb]
INFO   | jvm 1    | 2019/11/19 11:42:16 |  INFO | Page File: ..\..\data\kahadb\db.data. Recovering pageFile free list due to prior unclean shutdown..
INFO   | jvm 1    | 2019/11/19 11:42:16 |  INFO | KahaDB is version 6
INFO   | jvm 1    | 2019/11/19 11:42:16 |  INFO | Page File: ..\..\data\kahadb\db.data. Recovered pageFile free list of size: 0
INFO   | jvm 1    | 2019/11/19 11:42:16 |  INFO | PListStore:[C:\Users\mauri\Desktop\apache-activemq-5.15.10\bin\win64\..\..\data\localhost\tmp_storage] started
INFO   | jvm 1    | 2019/11/19 11:42:16 |  INFO | Apache ActiveMQ 5.15.10 (localhost, ID:Bloom-55639-1574160136315-0:1) is starting
INFO   | jvm 1    | 2019/11/19 11:42:16 |  INFO | Listening for connections at: tcp://Bloom:61616?maximumConnections=1000&wireFormat.maxFrameSize=104857600
INFO   | jvm 1    | 2019/11/19 11:42:16 |  INFO | Connector openwire started
INFO   | jvm 1    | 2019/11/19 11:42:16 |  INFO | Listening for connections at: amqp://Bloom:5672?maximumConnections=1000&wireFormat.maxFrameSize=104857600
INFO   | jvm 1    | 2019/11/19 11:42:16 |  INFO | Connector amqp started
INFO   | jvm 1    | 2019/11/19 11:42:16 |  INFO | Listening for connections at: stomp://Bloom:61613?maximumConnections=1000&wireFormat.maxFrameSize=104857600
INFO   | jvm 1    | 2019/11/19 11:42:16 |  INFO | Connector stomp started
INFO   | jvm 1    | 2019/11/19 11:42:16 |  INFO | Listening for connections at: mqtt://Bloom:1883?maximumConnections=1000&wireFormat.maxFrameSize=104857600
INFO   | jvm 1    | 2019/11/19 11:42:16 |  INFO | Connector mqtt started
INFO   | jvm 1    | 2019/11/19 11:42:16 |  INFO | Starting Jetty server
INFO   | jvm 1    | 2019/11/19 11:42:16 |  INFO | Creating Jetty connector
INFO   | jvm 1    | 2019/11/19 11:42:16 |  WARN | ServletContext@o.e.j.s.ServletContextHandler@113a408{/,null,STARTING} has uncovered http methods for path: /
INFO   | jvm 1    | 2019/11/19 11:42:16 |  INFO | Listening for connections at ws://Bloom:61614?maximumConnections=1000&wireFormat.maxFrameSize=104857600
INFO   | jvm 1    | 2019/11/19 11:42:16 |  INFO | Connector ws started
INFO   | jvm 1    | 2019/11/19 11:42:16 |  INFO | Apache ActiveMQ 5.15.10 (localhost, ID:Bloom-55639-1574160136315-0:1) started
INFO   | jvm 1    | 2019/11/19 11:42:16 |  INFO | For help or more information please see: http://activemq.apache.org
INFO   | jvm 1    | 2019/11/19 11:42:16 |  WARN | Store limit is 102400 mb (current store usage is 0 mb). The data directory: C:\Users\mauri\Desktop\apache-activemq-5.15.10\bin\win64\..\..\data\kahadb only has 17690 mb of usable space. - resetting to maximum available disk space: 17690 mb
INFO   | jvm 1    | 2019/11/19 11:42:16 |  WARN | Temporary Store limit is 51200 mb (current store usage is 0 mb). The data directory: C:\Users\mauri\Desktop\apache-activemq-5.15.10\bin\win64\..\..\data only has 17690 mb of usable space. - resetting to maximum available disk space: 17690 mb
INFO   | jvm 1    | 2019/11/19 11:42:17 |  INFO | ActiveMQ WebConsole available at http://0.0.0.0:8161/
INFO   | jvm 1    | 2019/11/19 11:42:17 |  INFO | ActiveMQ Jolokia REST API available at http://0.0.0.0:8161/api/jolokia/
STATUS | wrapper  | 2019/11/19 11:43:54 | --> Wrapper Started as Console
STATUS | wrapper  | 2019/11/19 11:43:54 | Launching a JVM...
INFO   | jvm 1    | 2019/11/19 11:43:54 | Wrapper (Version 3.2.3) http://wrapper.tanukisoftware.org
INFO   | jvm 1    | 2019/11/19 11:43:54 |   Copyright 1999-2006 Tanuki Software, Inc.  All Rights Reserved.
INFO   | jvm 1    | 2019/11/19 11:43:54 | 
INFO   | jvm 1    | 2019/11/19 11:43:55 | 
INFO   | jvm 1    | 2019/11/19 11:43:55 | WARNING - Unable to load the Wrapper's native library 'wrapper.dll'.
INFO   | jvm 1    | 2019/11/19 11:43:55 |           The file is located on the path at the following location but
INFO   | jvm 1    | 2019/11/19 11:43:55 |           could not be loaded:
INFO   | jvm 1    | 2019/11/19 11:43:55 |             C:\Users\mauri\Desktop\apache-activemq-5.15.10\bin\win64\..\..\bin\win64\wrapper.dll
INFO   | jvm 1    | 2019/11/19 11:43:55 |           Please verify that the file is readable by the current user
INFO   | jvm 1    | 2019/11/19 11:43:55 |           and that the file has not been corrupted in any way.
INFO   | jvm 1    | 2019/11/19 11:43:55 |           One common cause of this problem is running a 32-bit version
INFO   | jvm 1    | 2019/11/19 11:43:55 |           of the Wrapper with a 64-bit version of Java, or vica versa.
INFO   | jvm 1    | 2019/11/19 11:43:55 |           This is a 32-bit JVM.
INFO   | jvm 1    | 2019/11/19 11:43:55 |           Reported cause:
INFO   | jvm 1    | 2019/11/19 11:43:55 |             C:\Users\mauri\Desktop\apache-activemq-5.15.10\bin\win64\wrapper.dll: Can't load AMD 64-bit .dll on a IA 32-bit platform
INFO   | jvm 1    | 2019/11/19 11:43:55 |           System signals will not be handled correctly.
INFO   | jvm 1    | 2019/11/19 11:43:55 | 
INFO   | jvm 1    | 2019/11/19 11:43:55 | Java Runtime: Oracle Corporation 1.8.0_221 C:\Program Files (x86)\Java\jre1.8.0_221
INFO   | jvm 1    | 2019/11/19 11:43:55 |   Heap sizes: current=15872k  free=13949k  max=1013632k
INFO   | jvm 1    | 2019/11/19 11:43:55 |     JVM args: -Dactivemq.home=../.. -Dactivemq.base=../.. -Djavax.net.ssl.keyStorePassword=password -Djavax.net.ssl.trustStorePassword=password -Djavax.net.ssl.keyStore=../../conf/broker.ks -Djavax.net.ssl.trustStore=../../conf/broker.ts -Dcom.sun.management.jmxremote -Dorg.apache.activemq.UseDedicatedTaskRunner=true -Djava.util.logging.config.file=logging.properties -Dactivemq.conf=../../conf -Dactivemq.data=../../data -Djava.security.auth.login.config=../../conf/login.config -Xmx1024m -Djava.library.path=../../bin/win64 -Dwrapper.key=2lEec15uvBjiZjJb -Dwrapper.port=32000 -Dwrapper.jvm.port.min=31000 -Dwrapper.jvm.port.max=31999 -Dwrapper.pid=13764 -Dwrapper.version=3.2.3 -Dwrapper.native_library=wrapper -Dwrapper.cpu.timeout=10 -Dwrapper.jvmid=1
INFO   | jvm 1    | 2019/11/19 11:43:55 | Extensions classpath:
INFO   | jvm 1    | 2019/11/19 11:43:55 |   [..\..\lib,..\..\lib\camel,..\..\lib\optional,..\..\lib\web,..\..\lib\extra]
INFO   | jvm 1    | 2019/11/19 11:43:55 | ACTIVEMQ_HOME: ..\..
INFO   | jvm 1    | 2019/11/19 11:43:55 | ACTIVEMQ_BASE: ..\..
INFO   | jvm 1    | 2019/11/19 11:43:55 | ACTIVEMQ_CONF: ..\..\conf
INFO   | jvm 1    | 2019/11/19 11:43:55 | ACTIVEMQ_DATA: ..\..\data
INFO   | jvm 1    | 2019/11/19 11:43:55 | Loading message broker from: xbean:activemq.xml
INFO   | jvm 1    | 2019/11/19 11:43:55 |  INFO | Refreshing org.apache.activemq.xbean.XBeanBrokerFactory$1@136a3a: startup date [Tue Nov 19 11:43:55 CET 2019]; root of context hierarchy
INFO   | jvm 1    | 2019/11/19 11:43:56 |  INFO | Using Persistence Adapter: KahaDBPersistenceAdapter[C:\Users\mauri\Desktop\apache-activemq-5.15.10\bin\win64\..\..\data\kahadb]
INFO   | jvm 1    | 2019/11/19 11:43:56 |  INFO | Page File: ..\..\data\kahadb\db.data. Recovering pageFile free list due to prior unclean shutdown..
INFO   | jvm 1    | 2019/11/19 11:43:56 |  INFO | KahaDB is version 6
INFO   | jvm 1    | 2019/11/19 11:43:56 |  INFO | Page File: ..\..\data\kahadb\db.data. Recovered pageFile free list of size: 0
INFO   | jvm 1    | 2019/11/19 11:43:56 |  INFO | PListStore:[C:\Users\mauri\Desktop\apache-activemq-5.15.10\bin\win64\..\..\data\localhost\tmp_storage] started
INFO   | jvm 1    | 2019/11/19 11:43:56 |  INFO | Apache ActiveMQ 5.15.10 (localhost, ID:Bloom-55692-1574160236380-0:1) is starting
INFO   | jvm 1    | 2019/11/19 11:43:56 |  INFO | Listening for connections at: tcp://Bloom:61616?maximumConnections=1000&wireFormat.maxFrameSize=104857600
INFO   | jvm 1    | 2019/11/19 11:43:56 |  INFO | Connector openwire started
INFO   | jvm 1    | 2019/11/19 11:43:56 |  INFO | Listening for connections at: amqp://Bloom:5672?maximumConnections=1000&wireFormat.maxFrameSize=104857600
INFO   | jvm 1    | 2019/11/19 11:43:56 |  INFO | Connector amqp started
INFO   | jvm 1    | 2019/11/19 11:43:56 |  INFO | Listening for connections at: stomp://Bloom:61613?maximumConnections=1000&wireFormat.maxFrameSize=104857600
INFO   | jvm 1    | 2019/11/19 11:43:56 |  INFO | Connector stomp started
INFO   | jvm 1    | 2019/11/19 11:43:56 |  INFO | Listening for connections at: mqtt://Bloom:1883?maximumConnections=1000&wireFormat.maxFrameSize=104857600
INFO   | jvm 1    | 2019/11/19 11:43:56 |  INFO | Connector mqtt started
INFO   | jvm 1    | 2019/11/19 11:43:56 |  INFO | Starting Jetty server
INFO   | jvm 1    | 2019/11/19 11:43:56 |  INFO | Creating Jetty connector
INFO   | jvm 1    | 2019/11/19 11:43:56 |  WARN | ServletContext@o.e.j.s.ServletContextHandler@1b13ca2{/,null,STARTING} has uncovered http methods for path: /
INFO   | jvm 1    | 2019/11/19 11:43:56 |  INFO | Listening for connections at ws://Bloom:61614?maximumConnections=1000&wireFormat.maxFrameSize=104857600
INFO   | jvm 1    | 2019/11/19 11:43:56 |  INFO | Connector ws started
INFO   | jvm 1    | 2019/11/19 11:43:56 |  INFO | Apache ActiveMQ 5.15.10 (localhost, ID:Bloom-55692-1574160236380-0:1) started
INFO   | jvm 1    | 2019/11/19 11:43:56 |  INFO | For help or more information please see: http://activemq.apache.org
INFO   | jvm 1    | 2019/11/19 11:43:56 |  WARN | Store limit is 102400 mb (current store usage is 0 mb). The data directory: C:\Users\mauri\Desktop\apache-activemq-5.15.10\bin\win64\..\..\data\kahadb only has 17688 mb of usable space. - resetting to maximum available disk space: 17688 mb
INFO   | jvm 1    | 2019/11/19 11:43:56 |  WARN | Temporary Store limit is 51200 mb (current store usage is 0 mb). The data directory: C:\Users\mauri\Desktop\apache-activemq-5.15.10\bin\win64\..\..\data only has 17688 mb of usable space. - resetting to maximum available disk space: 17688 mb
INFO   | jvm 1    | 2019/11/19 11:43:57 |  INFO | ActiveMQ WebConsole available at http://0.0.0.0:8161/
INFO   | jvm 1    | 2019/11/19 11:43:57 |  INFO | ActiveMQ Jolokia REST API available at http://0.0.0.0:8161/api/jolokia/
